[debug] [2026-07-05T16:43:48.688Z] ----------------------------------------------------------------------
[debug] [2026-07-05T16:43:48.721Z] Command:       C:\Program Files\nodejs\node.exe C:\Users\USER\AppData\Roaming\npm\node_modules\firebase-tools\lib\bin\firebase.js deploy --only hosting --project=genai-apac-2026-491004
[debug] [2026-07-05T16:43:48.727Z] CLI Version:   14.4.0
[debug] [2026-07-05T16:43:48.728Z] Platform:      win32
[debug] [2026-07-05T16:43:48.728Z] Node Version:  v22.19.0
[debug] [2026-07-05T16:43:48.743Z] Time:          Sun Jul 05 2026 22:13:48 GMT+0530 (India Standard Time)
[debug] [2026-07-05T16:43:48.744Z] ----------------------------------------------------------------------
[debug] 
[debug] [2026-07-05T16:43:49.442Z] > command requires scopes: ["email","openid","https://www.googleapis.com/auth/cloudplatformprojects.readonly","https://www.googleapis.com/auth/firebase","https://www.googleapis.com/auth/cloud-platform"]
[debug] [2026-07-05T16:43:49.443Z] > authorizing via signed-in user (kailasamsiva@gmail.com)
[debug] [2026-07-05T16:43:49.443Z] [iam] checking project genai-apac-2026-491004 for permissions ["firebase.projects.get","firebasehosting.sites.update"]
[debug] [2026-07-05T16:43:49.447Z] Checked if tokens are valid: true, expires at: 1783272319508
[debug] [2026-07-05T16:43:49.448Z] Checked if tokens are valid: true, expires at: 1783272319508
[debug] [2026-07-05T16:43:49.450Z] >>> [apiv2][query] POST https://cloudresourcemanager.googleapis.com/v1/projects/genai-apac-2026-491004:testIamPermissions [none]
[debug] [2026-07-05T16:43:49.450Z] >>> [apiv2][(partial)header] POST https://cloudresourcemanager.googleapis.com/v1/projects/genai-apac-2026-491004:testIamPermissions x-goog-quota-user=projects/genai-apac-2026-491004
[debug] [2026-07-05T16:43:49.450Z] >>> [apiv2][body] POST https://cloudresourcemanager.googleapis.com/v1/projects/genai-apac-2026-491004:testIamPermissions {"permissions":["firebase.projects.get","firebasehosting.sites.update"]}
[debug] [2026-07-05T16:43:50.991Z] <<< [apiv2][status] POST https://cloudresourcemanager.googleapis.com/v1/projects/genai-apac-2026-491004:testIamPermissions 200
[debug] [2026-07-05T16:43:50.991Z] <<< [apiv2][body] POST https://cloudresourcemanager.googleapis.com/v1/projects/genai-apac-2026-491004:testIamPermissions {"permissions":["firebase.projects.get","firebasehosting.sites.update"]}
[debug] [2026-07-05T16:43:50.992Z] Checked if tokens are valid: true, expires at: 1783272319508
[debug] [2026-07-05T16:43:50.992Z] Checked if tokens are valid: true, expires at: 1783272319508
[debug] [2026-07-05T16:43:50.993Z] >>> [apiv2][query] GET https://firebase.googleapis.com/v1beta1/projects/genai-apac-2026-491004 [none]
[debug] [2026-07-05T16:43:51.661Z] <<< [apiv2][status] GET https://firebase.googleapis.com/v1beta1/projects/genai-apac-2026-491004 200
[debug] [2026-07-05T16:43:51.661Z] <<< [apiv2][body] GET https://firebase.googleapis.com/v1beta1/projects/genai-apac-2026-491004 {"projectId":"genai-apac-2026-491004","projectNumber":"967518492968","displayName":"GenAI-APAC-2026","name":"projects/genai-apac-2026-491004","resources":{"hostingSite":"genai-apac-2026-491004"},"state":"ACTIVE","labels":{"firebase":"enabled"},"etag":"1_00b8cb32-3d7e-4938-bca1-764c733b6160"}
[info] 
[info] === Deploying to 'genai-apac-2026-491004'...
[info] 
[info] i  deploying hosting 
[debug] [2026-07-05T16:43:51.693Z] Checked if tokens are valid: true, expires at: 1783272319508
[debug] [2026-07-05T16:43:51.693Z] Checked if tokens are valid: true, expires at: 1783272319508
[debug] [2026-07-05T16:43:51.693Z] >>> [apiv2][query] POST https://firebasehosting.googleapis.com/v1beta1/projects/-/sites/pragmalogixai-app/versions [none]
[debug] [2026-07-05T16:43:51.694Z] >>> [apiv2][body] POST https://firebasehosting.googleapis.com/v1beta1/projects/-/sites/pragmalogixai-app/versions {"status":"CREATED","labels":{"deployment-tool":"cli-firebase"}}
[debug] [2026-07-05T16:43:53.114Z] <<< [apiv2][status] POST https://firebasehosting.googleapis.com/v1beta1/projects/-/sites/pragmalogixai-app/versions 200
[debug] [2026-07-05T16:43:53.114Z] <<< [apiv2][body] POST https://firebasehosting.googleapis.com/v1beta1/projects/-/sites/pragmalogixai-app/versions {"name":"projects/967518492968/sites/pragmalogixai-app/versions/d0f460408be553e7","status":"CREATED","config":{},"labels":{"deployment-tool":"cli-firebase"}}
[info] i  hosting[pragmalogixai-app]: beginning deploy... 
[info] i  hosting[pragmalogixai-app]: found 0 files in .firebase-public 
[debug] [2026-07-05T16:43:53.566Z] [hosting] uploading with 200 concurrency
[debug] [2026-07-05T16:43:53.695Z] [hosting] hash cache [LmZpcmViYXNlLXB1YmxpYw] not populated
[info] +  hosting[pragmalogixai-app]: file upload complete 
[debug] [2026-07-05T16:43:54.098Z] [hosting] deploy completed after 970ms
[debug] [2026-07-05T16:43:54.098Z] [
  {
    "config": {
      "site": "pragmalogixai-app",
      "public": ".firebase-public",
      "ignore": [
        "firebase.json",
        "**/.*",
        "**/node_modules/**"
      ],
      "rewrites": [
        {
          "source": "**",
          "run": {
            "serviceId": "pragmalogixai-frontend",
            "region": "us-central1"
          }
        }
      ]
    },
    "version": "projects/967518492968/sites/pragmalogixai-app/versions/d0f460408be553e7"
  }
]
[info] i  hosting[pragmalogixai-app]: finalizing version... 
[debug] [2026-07-05T16:43:54.111Z] Checked if tokens are valid: true, expires at: 1783272319508
[debug] [2026-07-05T16:43:54.111Z] Checked if tokens are valid: true, expires at: 1783272319508
[debug] [2026-07-05T16:43:54.111Z] >>> [apiv2][query] GET https://cloudfunctions.googleapis.com/v1/projects/genai-apac-2026-491004/locations/-/functions [none]
[debug] [2026-07-05T16:43:54.328Z] <<< [apiv2][status] GET https://cloudfunctions.googleapis.com/v1/projects/genai-apac-2026-491004/locations/-/functions 403
[debug] [2026-07-05T16:43:54.328Z] <<< [apiv2][body] GET https://cloudfunctions.googleapis.com/v1/projects/genai-apac-2026-491004/locations/-/functions {"error":{"code":403,"message":"Cloud Functions API has not been used in project genai-apac-2026-491004 before or it is disabled. Enable it by visiting https://console.developers.google.com/apis/api/cloudfunctions.googleapis.com/overview?project=genai-apac-2026-491004 then retry. If you enabled this API recently, wait a few minutes for the action to propagate to our systems and retry.","status":"PERMISSION_DENIED","details":[{"@type":"type.googleapis.com/google.rpc.ErrorInfo","reason":"SERVICE_DISABLED","domain":"googleapis.com","metadata":{"serviceTitle":"Cloud Functions API","consumer":"projects/genai-apac-2026-491004","containerInfo":"genai-apac-2026-491004","activationUrl":"https://console.developers.google.com/apis/api/cloudfunctions.googleapis.com/overview?project=genai-apac-2026-491004","service":"cloudfunctions.googleapis.com"}},{"@type":"type.googleapis.com/google.rpc.LocalizedMessage","locale":"en-US","message":"Cloud Functions API has not been used in project genai-apac-2026-491004 before or it is disabled. Enable it by visiting https://console.developers.google.com/apis/api/cloudfunctions.googleapis.com/overview?project=genai-apac-2026-491004 then retry. If you enabled this API recently, wait a few minutes for the action to propagate to our systems and retry."},{"@type":"type.googleapis.com/google.rpc.Help","links":[{"description":"Google developers console API activation","url":"https://console.developers.google.com/apis/api/cloudfunctions.googleapis.com/overview?project=genai-apac-2026-491004"}]}]}}
[debug] [2026-07-05T16:43:54.329Z] [functions] failed to list functions for genai-apac-2026-491004
[debug] [2026-07-05T16:43:54.329Z] [functions] Request to https://cloudfunctions.googleapis.com/v1/projects/genai-apac-2026-491004/locations/-/functions had HTTP Error: 403, Cloud Functions API has not been used in project genai-apac-2026-491004 before or it is disabled. Enable it by visiting https://console.developers.google.com/apis/api/cloudfunctions.googleapis.com/overview?project=genai-apac-2026-491004 then retry. If you enabled this API recently, wait a few minutes for the action to propagate to our systems and retry.
[debug] [2026-07-05T16:43:54.330Z] Deploying hosting site pragmalogixai-app, did not have permissions to check for backends:  Failed to list functions for genai-apac-2026-491004 {"name":"FirebaseError","children":[],"exit":1,"message":"Failed to list functions for genai-apac-2026-491004","original":{"name":"FirebaseError","children":[],"context":{"body":{"error":{"code":403,"message":"Cloud Functions API has not been used in project genai-apac-2026-491004 before or it is disabled. Enable it by visiting https://console.developers.google.com/apis/api/cloudfunctions.googleapis.com/overview?project=genai-apac-2026-491004 then retry. If you enabled this API recently, wait a few minutes for the action to propagate to our systems and retry.","status":"PERMISSION_DENIED","details":[{"@type":"type.googleapis.com/google.rpc.ErrorInfo","reason":"SERVICE_DISABLED","domain":"googleapis.com","metadata":{"serviceTitle":"Cloud Functions API","consumer":"projects/genai-apac-2026-491004","containerInfo":"genai-apac-2026-491004","activationUrl":"https://console.developers.google.com/apis/api/cloudfunctions.googleapis.com/overview?project=genai-apac-2026-491004","service":"cloudfunctions.googleapis.com"}},{"@type":"type.googleapis.com/google.rpc.LocalizedMessage","locale":"en-US","message":"Cloud Functions API has not been used in project genai-apac-2026-491004 before or it is disabled. Enable it by visiting https://console.developers.google.com/apis/api/cloudfunctions.googleapis.com/overview?project=genai-apac-2026-491004 then retry. If you enabled this API recently, wait a few minutes for the action to propagate to our systems and retry."},{"@type":"type.googleapis.com/google.rpc.Help","links":[{"description":"Google developers console API activation","url":"https://console.developers.google.com/apis/api/cloudfunctions.googleapis.com/overview?project=genai-apac-2026-491004"}]}]}},"response":{"statusCode":403}},"exit":1,"message":"Request to https://cloudfunctions.googleapis.com/v1/projects/genai-apac-2026-491004/locations/-/functions had HTTP Error: 403, Cloud Functions API has not been used in project genai-apac-2026-491004 before or it is disabled. Enable it by visiting https://console.developers.google.com/apis/api/cloudfunctions.googleapis.com/overview?project=genai-apac-2026-491004 then retry. If you enabled this API recently, wait a few minutes for the action to propagate to our systems and retry.","status":403},"status":403}
[debug] [2026-07-05T16:43:54.352Z] Checked if tokens are valid: true, expires at: 1783272319508
[debug] [2026-07-05T16:43:54.353Z] Checked if tokens are valid: true, expires at: 1783272319508
[debug] [2026-07-05T16:43:54.353Z] >>> [apiv2][query] PATCH https://firebasehosting.googleapis.com/v1beta1/projects/-/sites/pragmalogixai-app/versions/d0f460408be553e7 updateMask=status%2Cconfig
[debug] [2026-07-05T16:43:54.353Z] >>> [apiv2][body] PATCH https://firebasehosting.googleapis.com/v1beta1/projects/-/sites/pragmalogixai-app/versions/d0f460408be553e7 {"status":"FINALIZED","config":{"rewrites":[{"glob":"**","run":{"serviceId":"pragmalogixai-frontend","region":"us-central1"}}]}}
[debug] [2026-07-05T16:43:55.345Z] <<< [apiv2][status] PATCH https://firebasehosting.googleapis.com/v1beta1/projects/-/sites/pragmalogixai-app/versions/d0f460408be553e7 200
[debug] [2026-07-05T16:43:55.345Z] <<< [apiv2][body] PATCH https://firebasehosting.googleapis.com/v1beta1/projects/-/sites/pragmalogixai-app/versions/d0f460408be553e7 {"name":"projects/967518492968/sites/pragmalogixai-app/versions/d0f460408be553e7","status":"FINALIZED","config":{"rewrites":[{"glob":"**","run":{"serviceId":"pragmalogixai-frontend","region":"us-central1"}}]},"labels":{"deployment-tool":"cli-firebase"},"createTime":"2026-07-05T16:43:52.425442Z","createUser":{"email":"kailasamsiva@gmail.com"},"finalizeTime":"2026-07-05T16:43:55.056957Z","finalizeUser":{"email":"kailasamsiva@gmail.com"}}
[debug] [2026-07-05T16:43:55.345Z] [hosting] finalized version for pragmalogixai-app:[object Object]
[info] +  hosting[pragmalogixai-app]: version finalized 
[info] i  hosting[pragmalogixai-app]: releasing new version... 
[debug] [2026-07-05T16:43:55.350Z] Checked if tokens are valid: true, expires at: 1783272319508
[debug] [2026-07-05T16:43:55.350Z] Checked if tokens are valid: true, expires at: 1783272319508
[debug] [2026-07-05T16:43:55.350Z] >>> [apiv2][query] POST https://firebasehosting.googleapis.com/v1beta1/projects/-/sites/pragmalogixai-app/channels/live/releases versionName=projects%2F967518492968%2Fsites%2Fpragmalogixai-app%2Fversions%2Fd0f460408be553e7
[debug] [2026-07-05T16:43:55.350Z] >>> [apiv2][body] POST https://firebasehosting.googleapis.com/v1beta1/projects/-/sites/pragmalogixai-app/channels/live/releases {}
[debug] [2026-07-05T16:43:56.467Z] <<< [apiv2][status] POST https://firebasehosting.googleapis.com/v1beta1/projects/-/sites/pragmalogixai-app/channels/live/releases 200
[debug] [2026-07-05T16:43:56.467Z] <<< [apiv2][body] POST https://firebasehosting.googleapis.com/v1beta1/projects/-/sites/pragmalogixai-app/channels/live/releases {"name":"projects/967518492968/sites/pragmalogixai-app/channels/live/releases/1783269835421000","version":{"name":"projects/967518492968/sites/pragmalogixai-app/versions/d0f460408be553e7","status":"FINALIZED","config":{"rewrites":[{"glob":"**","run":{"serviceId":"pragmalogixai-frontend","region":"us-central1"}}]},"labels":{"deployment-tool":"cli-firebase"},"createTime":"2026-07-05T16:43:52.425442Z","createUser":{"email":"kailasamsiva@gmail.com","imageUrl":"https://lh3.googleusercontent.com/a/ACg8ocLbkqK3Ey6hS5LePyxQu2C3gBYPEHCAliEQ5UKQrSF1ojDAjiF8"},"finalizeTime":"2026-07-05T16:43:55.056957Z","finalizeUser":{"email":"kailasamsiva@gmail.com","imageUrl":"https://lh3.googleusercontent.com/a/ACg8ocLbkqK3Ey6hS5LePyxQu2C3gBYPEHCAliEQ5UKQrSF1ojDAjiF8"}},"type":"DEPLOY","releaseTime":"2026-07-05T16:43:55.421Z","releaseUser":{"email":"kailasamsiva@gmail.com","imageUrl":"https://lh3.googleusercontent.com/a/ACg8ocLbkqK3Ey6hS5LePyxQu2C3gBYPEHCAliEQ5UKQrSF1ojDAjiF8"}}
[debug] [2026-07-05T16:43:56.467Z] [hosting] release: {"name":"projects/967518492968/sites/pragmalogixai-app/channels/live/releases/1783269835421000","version":{"name":"projects/967518492968/sites/pragmalogixai-app/versions/d0f460408be553e7","status":"FINALIZED","config":{"rewrites":[{"glob":"**","run":{"serviceId":"pragmalogixai-frontend","region":"us-central1"}}]},"labels":{"deployment-tool":"cli-firebase"},"createTime":"2026-07-05T16:43:52.425442Z","createUser":{"email":"kailasamsiva@gmail.com","imageUrl":"https://lh3.googleusercontent.com/a/ACg8ocLbkqK3Ey6hS5LePyxQu2C3gBYPEHCAliEQ5UKQrSF1ojDAjiF8"},"finalizeTime":"2026-07-05T16:43:55.056957Z","finalizeUser":{"email":"kailasamsiva@gmail.com","imageUrl":"https://lh3.googleusercontent.com/a/ACg8ocLbkqK3Ey6hS5LePyxQu2C3gBYPEHCAliEQ5UKQrSF1ojDAjiF8"}},"type":"DEPLOY","releaseTime":"2026-07-05T16:43:55.421Z","releaseUser":{"email":"kailasamsiva@gmail.com","imageUrl":"https://lh3.googleusercontent.com/a/ACg8ocLbkqK3Ey6hS5LePyxQu2C3gBYPEHCAliEQ5UKQrSF1ojDAjiF8"}}
[info] +  hosting[pragmalogixai-app]: release complete 
[info] 
[info] +  Deploy complete! 
[info] 
[info] Project Console: https://console.firebase.google.com/project/genai-apac-2026-491004/overview
[info] Hosting URL: https://pragmalogixai-app.web.app
[debug] [2026-07-05T16:44:01.786Z] Error: Timed out.
    at Timeout._onTimeout (C:\Users\USER\AppData\Roaming\npm\node_modules\firebase-tools\lib\utils.js:267:49)
    at listOnTimeout (node:internal/timers:588:17)
    at process.processTimers (node:internal/timers:523:7)
[error] 
[error] Error: An unexpected error has occurred.
